
**** Build of configuration Debug for project DEMO ****

"D:\\Program Files\\TI\\CCS1230\\ccs\\utils\\bin\\gmake" -k -j 16 all -O 
 
Building file: "../main.c"
Invoking: MSP430 Compiler
"D:/Program Files/TI/CCS1230/ccs/tools/compiler/ti-cgt-msp430_21.6.1.LTS/bin/cl430" -vmspx --data_model=restricted --use_hw_mpy=F5 --include_path="D:/Program Files/TI/CCS1230/ccs/ccs_base/msp430/include" --include_path="D:/MSP430/workspace_v12/DEMO/Library/MSP430F5xx_6xx" --include_path="D:/MSP430/workspace_v12/DEMO" --include_path="D:/Program Files/TI/CCS1230/ccs/tools/compiler/ti-cgt-msp430_21.6.1.LTS/include" --include_path="D:/MSP430/workspace_v12/DEMO/System" --advice:power=all --define=__MSP430F5529__ -g --printf_support=minimal --diag_warning=225 --diag_wrap=off --display_error_number --silicon_errata=CPU21 --silicon_errata=CPU22 --silicon_errata=CPU23 --silicon_errata=CPU40 --preproc_with_compile --preproc_dependency="main.d_raw"  "../main.c"
"../main.c", line 21: remark #1527-D: (ULP 2.1) Detected SW delay loop using __delay_cycles. Recommend using a timer module instead
"../main.c", line 23: remark #1527-D: (ULP 2.1) Detected SW delay loop using __delay_cycles. Recommend using a timer module instead
Finished building: "../main.c"
 
Building file: "../System/Sys.c"
Invoking: MSP430 Compiler
"D:/Program Files/TI/CCS1230/ccs/tools/compiler/ti-cgt-msp430_21.6.1.LTS/bin/cl430" -vmspx --data_model=restricted --use_hw_mpy=F5 --include_path="D:/Program Files/TI/CCS1230/ccs/ccs_base/msp430/include" --include_path="D:/MSP430/workspace_v12/DEMO/Library/MSP430F5xx_6xx" --include_path="D:/MSP430/workspace_v12/DEMO" --include_path="D:/Program Files/TI/CCS1230/ccs/tools/compiler/ti-cgt-msp430_21.6.1.LTS/include" --include_path="D:/MSP430/workspace_v12/DEMO/System" --advice:power=all --define=__MSP430F5529__ -g --printf_support=minimal --diag_warning=225 --diag_wrap=off --display_error_number --silicon_errata=CPU21 --silicon_errata=CPU22 --silicon_errata=CPU23 --silicon_errata=CPU40 --preproc_with_compile --preproc_dependency="System/Sys.d_raw" --obj_directory="System"  "../System/Sys.c"
Finished building: "../System/Sys.c"
 
Building target: "DEMO.out"
Invoking: MSP430 Linker
"D:/Program Files/TI/CCS1230/ccs/tools/compiler/ti-cgt-msp430_21.6.1.LTS/bin/cl430" -vmspx --data_model=restricted --use_hw_mpy=F5 --advice:power=all --define=__MSP430F5529__ -g --printf_support=minimal --diag_warning=225 --diag_wrap=off --display_error_number --silicon_errata=CPU21 --silicon_errata=CPU22 --silicon_errata=CPU23 --silicon_errata=CPU40 -z -m"DEMO.map" --heap_size=160 --stack_size=160 --cinit_hold_wdt=on -i"D:/Program Files/TI/CCS1230/ccs/ccs_base/msp430/include" -i"D:/MSP430/workspace_v12/DEMO/Library/MSP430F5xx_6xx" -i"D:/Program Files/TI/CCS1230/ccs/ccs_base/msp430/lib/5xx_6xx_FRxx" -i"D:/Program Files/TI/CCS1230/ccs/tools/compiler/ti-cgt-msp430_21.6.1.LTS/lib" -i"D:/Program Files/TI/CCS1230/ccs/tools/compiler/ti-cgt-msp430_21.6.1.LTS/include" --reread_libs --diag_wrap=off --display_error_number --warn_sections --xml_link_info="DEMO_linkInfo.xml" --use_hw_mpy=F5 --rom_model -o "DEMO.out" "./main.obj" "./Library/MSP430F5xx_6xx/adc10_a.obj" "./Library/MSP430F5xx_6xx/adc12_a.obj" "./Library/MSP430F5xx_6xx/aes.obj" "./Library/MSP430F5xx_6xx/battbak.obj" "./Library/MSP430F5xx_6xx/comp_b.obj" "./Library/MSP430F5xx_6xx/crc.obj" "./Library/MSP430F5xx_6xx/ctsd16.obj" "./Library/MSP430F5xx_6xx/dac12_a.obj" "./Library/MSP430F5xx_6xx/dma.obj" "./Library/MSP430F5xx_6xx/eusci_a_spi.obj" "./Library/MSP430F5xx_6xx/eusci_a_uart.obj" "./Library/MSP430F5xx_6xx/eusci_b_i2c.obj" "./Library/MSP430F5xx_6xx/eusci_b_spi.obj" "./Library/MSP430F5xx_6xx/flashctl.obj" "./Library/MSP430F5xx_6xx/gpio.obj" "./Library/MSP430F5xx_6xx/lcd_b.obj" "./Library/MSP430F5xx_6xx/lcd_c.obj" "./Library/MSP430F5xx_6xx/ldopwr.obj" "./Library/MSP430F5xx_6xx/mpy32.obj" "./Library/MSP430F5xx_6xx/oa.obj" "./Library/MSP430F5xx_6xx/pmap.obj" "./Library/MSP430F5xx_6xx/pmm.obj" "./Library/MSP430F5xx_6xx/ram.obj" "./Library/MSP430F5xx_6xx/ref.obj" "./Library/MSP430F5xx_6xx/rtc_a.obj" "./Library/MSP430F5xx_6xx/rtc_b.obj" "./Library/MSP430F5xx_6xx/rtc_c.obj" "./Library/MSP430F5xx_6xx/sd24_b.obj" "./Library/MSP430F5xx_6xx/sfr.obj" "./Library/MSP430F5xx_6xx/sysctl.obj" "./Library/MSP430F5xx_6xx/tec.obj" "./Library/MSP430F5xx_6xx/timer_a.obj" "./Library/MSP430F5xx_6xx/timer_b.obj" "./Library/MSP430F5xx_6xx/timer_d.obj" "./Library/MSP430F5xx_6xx/tlv.obj" "./Library/MSP430F5xx_6xx/ucs.obj" "./Library/MSP430F5xx_6xx/usci_a_spi.obj" "./Library/MSP430F5xx_6xx/usci_a_uart.obj" "./Library/MSP430F5xx_6xx/usci_b_i2c.obj" "./Library/MSP430F5xx_6xx/usci_b_spi.obj" "./Library/MSP430F5xx_6xx/wdt_a.obj" "./System/Sys.obj" "../lnk_msp430f5529.cmd"  -llibmath.a -llibc.a 
<Linking>
remark #10372-D: (ULP 4.1) Detected uninitialized Port A in this project. Recommend initializing all unused ports to eliminate wasted current consumption on unused pins.
remark #10372-D: (ULP 4.1) Detected uninitialized Port B in this project. Recommend initializing all unused ports to eliminate wasted current consumption on unused pins.
remark #10372-D: (ULP 4.1) Detected uninitialized Port C in this project. Recommend initializing all unused ports to eliminate wasted current consumption on unused pins.
remark #10372-D: (ULP 4.1) Detected uninitialized Port D in this project. Recommend initializing all unused ports to eliminate wasted current consumption on unused pins.
Finished building target: "DEMO.out"
 

**** Build Finished ****
